==============================================================================
Suites                                                                        
==============================================================================
Suites.Api Banktransfers                                                      
==============================================================================
BT-001: Signup_RWA                                                    | PASS |
------------------------------------------------------------------------------
BT-002: Create_Bank_account                                           <Response [200]>
| PASS |
------------------------------------------------------------------------------
BT-003: Get_Bank_account_details                                      | PASS |
------------------------------------------------------------------------------
BT-004: Delete_Bank_account                                           | PASS |
------------------------------------------------------------------------------
BT-005: Create_Bank_account_graphql                                   <Response [200]>
| PASS |
------------------------------------------------------------------------------
BT-006: Get_Bank_account_graphql                                      | PASS |
------------------------------------------------------------------------------
BT-007: CreateBankTransfer                                            <Response [200]>
| PASS |
------------------------------------------------------------------------------
BT-008: GetTransferAPI                                                | PASS |
------------------------------------------------------------------------------
BT-009: Post_Comments                                                 | PASS |
------------------------------------------------------------------------------
BT-010: Get_Comments                                                  | PASS |
------------------------------------------------------------------------------
BT-011: Post_Likes                                                    | PASS |
------------------------------------------------------------------------------
BT-012: Get_Likes                                                     | PASS |
------------------------------------------------------------------------------
BT-013: get_notifications                                             | PASS |
------------------------------------------------------------------------------
Suites.Api Banktransfers                                              | PASS |
13 tests, 13 passed, 0 failed
==============================================================================
Suites                                                                | PASS |
13 tests, 13 passed, 0 failed
==============================================================================
Output:  C:\Users\Karthee\PycharmProjects\Experiments\EMIS_Assesment\Report\pabot_results\0\output.xml
