==============================================================================
Suites                                                                        
==============================================================================
Suites.BankAccounts                                                           
==============================================================================
BA-001:Bank_account_fieldValidation_bankname                          | PASS |
------------------------------------------------------------------------------
BA-002:Bank_account_fieldValidation_RoutingNumber                     | PASS |
------------------------------------------------------------------------------
BA-003:Bank_account_fieldValidation_AccountNumber                     | PASS |
------------------------------------------------------------------------------
BA-004:Create_new_Bank_account                                        | PASS |
------------------------------------------------------------------------------
BA-005:Delete_bank_account                                            | PASS |
------------------------------------------------------------------------------
Suites.BankAccounts                                                   | PASS |
5 tests, 5 passed, 0 failed
==============================================================================
Suites                                                                | PASS |
5 tests, 5 passed, 0 failed
==============================================================================
Output:  C:\Users\Karthee\PycharmProjects\Experiments\EMIS_Assesment\Report\pabot_results\4\output.xml
