==============================================================================
Suites                                                                        
==============================================================================
Suites.Api Testdata                                                           
==============================================================================
TD-001: Get_remote_mock_data_for_users                                <Response [200]>
| PASS |
------------------------------------------------------------------------------
TD-002: Get_remote_mock_data_for_contacts                             | PASS |
------------------------------------------------------------------------------
TC-003: Get_remote_mock_data_for_bankaccounts                         | PASS |
------------------------------------------------------------------------------
TC-004: Get_remote_mock_data_for_notifications                        | PASS |
------------------------------------------------------------------------------
TC-005: Get_remote_mock_data_for_transactions                         | PASS |
------------------------------------------------------------------------------
TC-006: Get_remote_mock_data_for_likes                                | PASS |
------------------------------------------------------------------------------
TC-007: Get_remote_mock_data_for_comments                             | PASS |
------------------------------------------------------------------------------
TC-008: Get_remote_mock_data_for_banktransfers                        | PASS |
------------------------------------------------------------------------------
Suites.Api Testdata                                                   | PASS |
8 tests, 8 passed, 0 failed
==============================================================================
Suites                                                                | PASS |
8 tests, 8 passed, 0 failed
==============================================================================
Output:  C:\Users\Karthee\PycharmProjects\Experiments\EMIS_Assesment\Report\pabot_results\1\output.xml
