==============================================================================
Suites                                                                        
==============================================================================
Suites.Api Transactions                                                       
==============================================================================
TR-001: Get_transactions_for_user                                     <Response [200]>
| PASS |
------------------------------------------------------------------------------
TR-002: Get_pending_request_transactions_for_user                     | PASS |
------------------------------------------------------------------------------
TR-003: Get_pending_request_transactions_for_a_time_range             | PASS |
------------------------------------------------------------------------------
TR-004: Get_transactions_for_contacts_in_page_one                     | PASS |
------------------------------------------------------------------------------
TR-005: Get_transactions_for_contacts_in_page_two                     | PASS |
------------------------------------------------------------------------------
TR-006: Get_public_transactions                                       | PASS |
------------------------------------------------------------------------------
Suites.Api Transactions                                               | PASS |
6 tests, 6 passed, 0 failed
==============================================================================
Suites                                                                | PASS |
6 tests, 6 passed, 0 failed
==============================================================================
Output:  C:\Users\Karthee\PycharmProjects\Experiments\EMIS_Assesment\Report\pabot_results\2\output.xml
