==============================================================================
Suites                                                                        
==============================================================================
Suites.NewTransaction                                                         
==============================================================================
BA-001:Transaction_fieldValidation_bankname                           | PASS |
------------------------------------------------------------------------------
BA-002:Create_new_payment_transaction                                 | PASS |
------------------------------------------------------------------------------
BA-003:Create_new_payment_request                                     | PASS |
------------------------------------------------------------------------------
BA-004:Validate_return_to_transactions_button                         | PASS |
------------------------------------------------------------------------------
BA-005:Verify_the_Paid_transaction                                    | PASS |
------------------------------------------------------------------------------
BA-006:Verify_the_Requested_transaction                               | PASS |
------------------------------------------------------------------------------
BA-007:Search_contacts_by_attributes                                  | PASS |
------------------------------------------------------------------------------
Suites.NewTransaction                                                 | PASS |
7 tests, 7 passed, 0 failed
==============================================================================
Suites                                                                | PASS |
7 tests, 7 passed, 0 failed
==============================================================================
Output:  C:\Users\Karthee\PycharmProjects\Experiments\EMIS_Assesment\Report\pabot_results\5\output.xml
