==============================================================================
Suites                                                                        
==============================================================================
Suites.Signup Signin                                                          
==============================================================================
Signup-001:SignupValidation                                           | PASS |
------------------------------------------------------------------------------
Signup-002:CreateValidNewUSer                                         | PASS |
------------------------------------------------------------------------------
Signin-001:SigninPage UI Validation                                   | PASS |
------------------------------------------------------------------------------
Signin-002:SigninPage Fieldlevel Validation                           | PASS |
------------------------------------------------------------------------------
Signin-003:SigninPage Credential Validation                           | PASS |
------------------------------------------------------------------------------
Signin-004:SigninPage Validation                                      | PASS |
------------------------------------------------------------------------------
Suites.Signup Signin                                                  | PASS |
6 tests, 6 passed, 0 failed
==============================================================================
Suites                                                                | PASS |
6 tests, 6 passed, 0 failed
==============================================================================
Output:  C:\Users\Karthee\PycharmProjects\Experiments\EMIS_Assesment\Report\pabot_results\6\output.xml
